0 info it worked if it ends with ok
1 verbose cli [ 'node', '/usr/local/bin/npm', 'start' ]
2 info using npm@3.8.6
3 info using node@v0.12.2
4 verbose node symlink /usr/local/bin/node
5 verbose run-script [ 'prestart', 'start', 'poststart' ]
6 info lifecycle html_meteor_clasp@~prestart: html_meteor_clasp@
7 silly lifecycle html_meteor_clasp@~prestart: no script for prestart, continuing
8 info lifecycle html_meteor_clasp@~start: html_meteor_clasp@
9 verbose lifecycle html_meteor_clasp@~start: unsafe-perm in lifecycle true
10 verbose lifecycle html_meteor_clasp@~start: PATH: /usr/local/lib/node_modules/npm/bin/node-gyp-bin:/Volumes/TOSHIBA_EXT/_Projects_Appss/hackathon/dermdb/met_snapshots/node_modules/.bin:/usr/local/bin:/Library/PostgreSQL/9.5/bin/:/usr/local/bin:/usr/bin:/bin:/usr/sbin:/sbin:/opt/X11/bin:/usr/local/MacGPG2/bin:/usr/local/mongodb/bin
11 verbose lifecycle html_meteor_clasp@~start: CWD: /Volumes/TOSHIBA_EXT/_Projects_Appss/hackathon/dermdb/met_snapshots
12 silly lifecycle html_meteor_clasp@~start: Args: [ '-c', 'meteor run --port 3901' ]
13 silly lifecycle html_meteor_clasp@~start: Returned: code: 254  signal: null
14 info lifecycle html_meteor_clasp@~start: Failed to exec start script
15 verbose stack Error: html_meteor_clasp@ start: `meteor run --port 3901`
15 verbose stack Exit status 254
15 verbose stack     at EventEmitter.<anonymous> (/usr/local/lib/node_modules/npm/lib/utils/lifecycle.js:239:16)
15 verbose stack     at EventEmitter.emit (events.js:110:17)
15 verbose stack     at ChildProcess.<anonymous> (/usr/local/lib/node_modules/npm/lib/utils/spawn.js:24:14)
15 verbose stack     at ChildProcess.emit (events.js:110:17)
15 verbose stack     at maybeClose (child_process.js:1015:16)
15 verbose stack     at Process.ChildProcess._handle.onexit (child_process.js:1087:5)
16 verbose pkgid html_meteor_clasp@
17 verbose cwd /Volumes/TOSHIBA_EXT/_Projects_Appss/hackathon/dermdb/met_snapshots
18 error Darwin 15.3.0
19 error argv "node" "/usr/local/bin/npm" "start"
20 error node v0.12.2
21 error npm  v3.8.6
22 error code ELIFECYCLE
23 error html_meteor_clasp@ start: `meteor run --port 3901`
23 error Exit status 254
24 error Failed at the html_meteor_clasp@ start script 'meteor run --port 3901'.
24 error Make sure you have the latest version of node.js and npm installed.
24 error If you do, this is most likely a problem with the html_meteor_clasp package,
24 error not with npm itself.
24 error Tell the author that this fails on your system:
24 error     meteor run --port 3901
24 error You can get information on how to open an issue for this project with:
24 error     npm bugs html_meteor_clasp
24 error Or if that isn't available, you can get their info via:
24 error     npm owner ls html_meteor_clasp
24 error There is likely additional logging output above.
25 verbose exit [ 1, true ]
